Script params verified!
BLJ pipeline output directory: /Users/msioda/projects/msioda
Run test suite:  /Users/msioda/git/BioLockJ/resources/test/config/local
If pipline failures occur: continue
================================================================================
Initial Pipeline = /Users/msioda/projects/msioda/testFwRdp1_2018Sep28 - Mon Oct  1 02:35:48 EDT 2018
     ============================================================
     BioLockJ JAR: /Users/msioda/git/BioLockJ/dist/BioLockJ.jar
     BioLockJ Config File:  /Users/msioda/git/BioLockJ/resources/test/config/local/testDemux1.properties
     BioLockJ started successfully!
     ============================================================
New Pipeline started:  /Users/msioda/projects/msioda/testDemux1_2018Oct01 - Mon Oct  1 02:36:03 EDT 2018
PASS
PIPELINE SUCCESS --> /Users/msioda/git/BioLockJ/resources/test/config/local/testDemux1.properties - Mon Oct  1 02:36:03 EDT 2018
     ============================================================
     BioLockJ JAR: /Users/msioda/git/BioLockJ/dist/BioLockJ.jar
     BioLockJ Config File:  /Users/msioda/git/BioLockJ/resources/test/config/local/testDemux2.properties
     BioLockJ started successfully!
     ============================================================
New Pipeline started:  /Users/msioda/projects/msioda/testDemux2_2018Oct01 - Mon Oct  1 02:36:18 EDT 2018
Working.
PIPELINE SUCCESS --> /Users/msioda/git/BioLockJ/resources/test/config/local/testDemux2.properties - Mon Oct  1 02:39:18 EDT 2018
     ============================================================
     BioLockJ JAR: /Users/msioda/git/BioLockJ/dist/BioLockJ.jar
     BioLockJ Config File:  /Users/msioda/git/BioLockJ/resources/test/config/local/testDemux3.properties
     BioLockJ started successfully!
     ============================================================
New Pipeline started:  /Users/msioda/projects/msioda/testDemux3_2018Oct01 - Mon Oct  1 02:39:33 EDT 2018
PASS
PIPELINE SUCCESS --> /Users/msioda/git/BioLockJ/resources/test/config/local/testDemux3.properties - Mon Oct  1 02:39:33 EDT 2018
     ============================================================
     BioLockJ JAR: /Users/msioda/git/BioLockJ/dist/BioLockJ.jar
     BioLockJ Config File:  /Users/msioda/git/BioLockJ/resources/test/config/local/testDemux4.properties
     BioLockJ started successfully!
     ============================================================
New Pipeline started:  /Users/msioda/projects/msioda/testDemux4_2018Oct01 - Mon Oct  1 02:39:48 EDT 2018
Working.
PIPELINE SUCCESS --> /Users/msioda/git/BioLockJ/resources/test/config/local/testDemux4.properties - Mon Oct  1 02:42:48 EDT 2018
     ============================================================
     BioLockJ JAR: /Users/msioda/git/BioLockJ/dist/BioLockJ.jar
     BioLockJ Config File:  /Users/msioda/git/BioLockJ/resources/test/config/local/testFwFastaMultiplex.properties
     BioLockJ started successfully!
     ============================================================
New Pipeline started:  /Users/msioda/projects/msioda/testFwFastaMultiplex_2018Oct01 - Mon Oct  1 02:43:03 EDT 2018
PASS
PIPELINE SUCCESS --> /Users/msioda/git/BioLockJ/resources/test/config/local/testFwFastaMultiplex.properties - Mon Oct  1 02:43:03 EDT 2018
     ============================================================
     BioLockJ JAR: /Users/msioda/git/BioLockJ/dist/BioLockJ.jar
     BioLockJ Config File:  /Users/msioda/git/BioLockJ/resources/test/config/local/testFwFastqMultiplex.properties
     BioLockJ started successfully!
     ============================================================
New Pipeline started:  /Users/msioda/projects/msioda/testFwFastqMultiplex_2018Oct01 - Mon Oct  1 02:43:18 EDT 2018
PASS
PIPELINE SUCCESS --> /Users/msioda/git/BioLockJ/resources/test/config/local/testFwFastqMultiplex.properties - Mon Oct  1 02:43:18 EDT 2018
     ============================================================
     BioLockJ JAR: /Users/msioda/git/BioLockJ/dist/BioLockJ.jar
     BioLockJ Config File:  /Users/msioda/git/BioLockJ/resources/test/config/local/testFwRdp1.properties
     BioLockJ started successfully!
     ============================================================
New Pipeline started:  /Users/msioda/projects/msioda/testFwRdp1_2018Oct01 - Mon Oct  1 02:43:33 EDT 2018
Working..
PIPELINE SUCCESS --> /Users/msioda/git/BioLockJ/resources/test/config/local/testFwRdp1.properties - Mon Oct  1 02:49:33 EDT 2018
     ============================================================
     BioLockJ JAR: /Users/msioda/git/BioLockJ/dist/BioLockJ.jar
     BioLockJ Config File:  /Users/msioda/git/BioLockJ/resources/test/config/local/testPairedFastaMultiplex.properties
     BioLockJ started successfully!
     ============================================================
New Pipeline started:  /Users/msioda/projects/msioda/testPairedFastaMultiplex_2018Oct01 - Mon Oct  1 02:49:48 EDT 2018
PASS
PIPELINE SUCCESS --> /Users/msioda/git/BioLockJ/resources/test/config/local/testPairedFastaMultiplex.properties - Mon Oct  1 02:49:48 EDT 2018
     ============================================================
     BioLockJ JAR: /Users/msioda/git/BioLockJ/dist/BioLockJ.jar
     BioLockJ Config File:  /Users/msioda/git/BioLockJ/resources/test/config/local/testPairedFastqMultiplex.properties
     BioLockJ started successfully!
     ============================================================
New Pipeline started:  /Users/msioda/projects/msioda/testPairedFastqMultiplex_2018Oct01 - Mon Oct  1 02:50:03 EDT 2018
PASS
PIPELINE SUCCESS --> /Users/msioda/git/BioLockJ/resources/test/config/local/testPairedFastqMultiplex.properties - Mon Oct  1 02:50:03 EDT 2018
================================================================================
9/9 pipelines completed successfully - Mon Oct  1 02:50:03 EDT 2018
================================================================================
